2017-04-25 14:55:55 DEBUG DefaultListableBeanFactory:568 - Retrieved dependent beans for bean '(inner bean)#1b24ea2a': [(inner bean)#2b877a54]
2017-04-25 14:55:55 DEBUG DefaultListableBeanFactory:568 - Retrieved dependent beans for bean '(inner bean)#2b877a54': [org.springframework.web.servlet.handler.MappedInterceptor#0]
2017-04-25 14:56:26 DEBUG DispatcherServlet:118 - Initializing servlet 'spring-web'
2017-04-25 14:56:26 DEBUG StandardServletEnvironment:109 - Adding [servletConfigInitParams] PropertySource with lowest search precedence
2017-04-25 14:56:26 DEBUG StandardServletEnvironment:109 - Adding [servletContextInitParams] PropertySource with lowest search precedence
2017-04-25 14:56:26 DEBUG StandardServletEnvironment:109 - Adding [jndiProperties] PropertySource with lowest search precedence
2017-04-25 14:56:26 DEBUG StandardServletEnvironment:109 - Adding [systemProperties] PropertySource with lowest search precedence
2017-04-25 14:56:26 DEBUG StandardServletEnvironment:109 - Adding [systemEnvironment] PropertySource with lowest search precedence
2017-04-25 14:56:26 DEBUG StandardServletEnvironment:127 - Initialized StandardServletEnvironment with PropertySources [servletConfigInitParams,servletContextInitParams,jndiProperties,systemProperties,systemEnvironment]
2017-04-25 14:56:26 INFO  DispatcherServlet:489 - FrameworkServlet 'spring-web': initialization started
2017-04-25 14:56:26 DEBUG DispatcherServlet:617 - Servlet with name 'spring-web' will try to create custom WebApplicationContext context of class 'org.springframework.web.context.support.XmlWebApplicationContext', using parent context [null]
2017-04-25 14:56:26 DEBUG StandardServletEnvironment:174 - Replacing [servletContextInitParams] PropertySource with [servletContextInitParams]
2017-04-25 14:56:26 DEBUG StandardServletEnvironment:174 - Replacing [servletConfigInitParams] PropertySource with [servletConfigInitParams]
2017-04-25 14:56:26 INFO  XmlWebApplicationContext:581 - Refreshing WebApplicationContext for namespace 'spring-web-servlet': startup date [Tue Apr 25 14:56:26 BST 2017]; root of context hierarchy
2017-04-25 14:56:26 DEBUG StandardEnvironment:109 - Adding [systemProperties] PropertySource with lowest search precedence
2017-04-25 14:56:26 DEBUG StandardEnvironment:109 - Adding [systemEnvironment] PropertySource with lowest search precedence
2017-04-25 14:56:26 DEBUG StandardEnvironment:127 - Initialized StandardEnvironment with PropertySources [systemProperties,systemEnvironment]
2017-04-25 14:56:26 INFO  XmlBeanDefinitionReader:317 - Loading XML bean definitions from ServletContext resource [/WEB-INF/spring-web-servlet.xml]
2017-04-25 14:56:26 DEBUG DefaultDocumentLoader:73 - Using JAXP provider [com.sun.org.apache.xerces.internal.jaxp.DocumentBuilderFactoryImpl]
2017-04-25 14:56:26 DEBUG PluggableSchemaResolver:141 - Loading schema mappings from [META-INF/spring.schemas]
2017-04-25 14:56:26 DEBUG PluggableSchemaResolver:147 - Loaded schema mappings: {http://www.springframework.org/schema/cache/spring-cache-4.2.xsd=org/springframework/cache/config/spring-cache-4.2.xsd, http://www.springframework.org/schema/aop/spring-aop-4.1.xsd=org/springframework/aop/config/spring-aop-4.1.xsd, http://www.springframework.org/schema/context/spring-context-3.1.xsd=org/springframework/context/config/spring-context-3.1.xsd, http://www.springframework.org/schema/mvc/spring-mvc-4.1.xsd=org/springframework/web/servlet/config/spring-mvc-4.1.xsd, http://www.springframework.org/schema/util/spring-util-3.0.xsd=org/springframework/beans/factory/xml/spring-util-3.0.xsd, http://www.springframework.org/schema/aop/spring-aop-3.2.xsd=org/springframework/aop/config/spring-aop-3.2.xsd, http://www.springframework.org/schema/tool/spring-tool.xsd=org/springframework/beans/factory/xml/spring-tool-4.3.xsd, http://www.springframework.org/schema/lang/spring-lang-4.1.xsd=org/springframework/scripting/config/spring-lang-4.1.xsd, http://www.springframework.org/schema/context/spring-context-4.0.xsd=org/springframework/context/config/spring-context-4.0.xsd, http://www.springframework.org/schema/mvc/spring-mvc-3.2.xsd=org/springframework/web/servlet/config/spring-mvc-3.2.xsd, http://www.springframework.org/schema/beans/spring-beans-4.2.xsd=org/springframework/beans/factory/xml/spring-beans-4.2.xsd, http://www.springframework.org/schema/tool/spring-tool-4.1.xsd=org/springframework/beans/factory/xml/spring-tool-4.1.xsd, http://www.springframework.org/schema/lang/spring-lang-3.2.xsd=org/springframework/scripting/config/spring-lang-3.2.xsd, http://www.springframework.org/schema/cache/spring-cache-3.2.xsd=org/springframework/cache/config/spring-cache-3.2.xsd, http://www.springframework.org/schema/jee/spring-jee-4.1.xsd=org/springframework/ejb/config/spring-jee-4.1.xsd, http://www.springframework.org/schema/util/spring-util-2.0.xsd=org/springframework/beans/factory/xml/spring-util-2.0.xsd, http://www.springframework.org/schema/task/spring-task-4.2.xsd=org/springframework/scheduling/config/spring-task-4.2.xsd, http://www.springframework.org/schema/tool/spring-tool-3.2.xsd=org/springframework/beans/factory/xml/spring-tool-3.2.xsd, http://www.springframework.org/schema/context/spring-context.xsd=org/springframework/context/config/spring-context-4.3.xsd, http://www.springframework.org/schema/cache/spring-cache-4.1.xsd=org/springframework/cache/config/spring-cache-4.1.xsd, http://www.springframework.org/schema/aop/spring-aop-4.0.xsd=org/springframework/aop/config/spring-aop-4.0.xsd, http://www.springframework.org/schema/jee/spring-jee-3.2.xsd=org/springframework/ejb/config/spring-jee-3.2.xsd, http://www.springframework.org/schema/context/spring-context-3.0.xsd=org/springframework/context/config/spring-context-3.0.xsd, http://www.springframework.org/schema/mvc/spring-mvc-4.0.xsd=org/springframework/web/servlet/config/spring-mvc-4.0.xsd, http://www.springframework.org/schema/util/spring-util-2.5.xsd=org/springframework/beans/factory/xml/spring-util-2.5.xsd, http://www.springframework.org/schema/util/spring-util-4.3.xsd=org/springframework/beans/factory/xml/spring-util-4.3.xsd, http://www.springframework.org/schema/beans/spring-beans-3.2.xsd=org/springframework/beans/factory/xml/spring-beans-3.2.xsd, http://www.springframework.org/schema/aop/spring-aop-3.1.xsd=org/springframework/aop/config/spring-aop-3.1.xsd, http://www.springframework.org/schema/lang/spring-lang-4.0.xsd=org/springframework/scripting/config/spring-lang-4.0.xsd, http://www.springframework.org/schema/mvc/spring-mvc.xsd=org/springframework/web/servlet/config/spring-mvc-4.3.xsd, http://www.springframework.org/schema/mvc/spring-mvc-3.1.xsd=org/springframework/web/servlet/config/spring-mvc-3.1.xsd, http://www.springframework.org/schema/beans/spring-beans-4.1.xsd=org/springframework/beans/factory/xml/spring-beans-4.1.xsd, http://www.springframework.org/schema/tool/spring-tool-4.0.xsd=org/springframework/beans/factory/xml/spring-tool-4.0.xsd, http://www.springframework.org/schema/lang/spring-lang-3.1.xsd=org/springframework/scripting/config/spring-lang-3.1.xsd, http://www.springframework.org/schema/cache/spring-cache-3.1.xsd=org/springframework/cache/config/spring-cache-3.1.xsd, http://www.springframework.org/schema/jee/spring-jee-4.0.xsd=org/springframework/ejb/config/spring-jee-4.0.xsd, http://www.springframework.org/schema/task/spring-task-4.1.xsd=org/springframework/scheduling/config/spring-task-4.1.xsd, http://www.springframework.org/schema/tool/spring-tool-3.1.xsd=org/springframework/beans/factory/xml/spring-tool-3.1.xsd, http://www.springframework.org/schema/cache/spring-cache-4.0.xsd=org/springframework/cache/config/spring-cache-4.0.xsd, http://www.springframework.org/schema/jee/spring-jee-3.1.xsd=org/springframework/ejb/config/spring-jee-3.1.xsd, http://www.springframework.org/schema/task/spring-task-3.2.xsd=org/springframework/scheduling/config/spring-task-3.2.xsd, http://www.springframework.org/schema/util/spring-util-4.2.xsd=org/springframework/beans/factory/xml/spring-util-4.2.xsd, http://www.springframework.org/schema/beans/spring-beans-3.1.xsd=org/springframework/beans/factory/xml/spring-beans-3.1.xsd, http://www.springframework.org/schema/util/spring-util.xsd=org/springframework/beans/factory/xml/spring-util-4.3.xsd, http://www.springframework.org/schema/aop/spring-aop-3.0.xsd=org/springframework/aop/config/spring-aop-3.0.xsd, http://www.springframework.org/schema/mvc/spring-mvc-3.0.xsd=org/springframework/web/servlet/config/spring-mvc-3.0.xsd, http://www.springframework.org/schema/beans/spring-beans-4.0.xsd=org/springframework/beans/factory/xml/spring-beans-4.0.xsd, http://www.springframework.org/schema/beans/spring-beans.xsd=org/springframework/beans/factory/xml/spring-beans-4.3.xsd, http://www.springframework.org/schema/lang/spring-lang-3.0.xsd=org/springframework/scripting/config/spring-lang-3.0.xsd, http://www.springframework.org/schema/context/spring-context-2.5.xsd=org/springframework/context/config/spring-context-2.5.xsd, http://www.springframework.org/schema/context/spring-context-4.3.xsd=org/springframework/context/config/spring-context-4.3.xsd, http://www.springframework.org/schema/task/spring-task-4.0.xsd=org/springframework/scheduling/config/spring-task-4.0.xsd, http://www.springframework.org/schema/tool/spring-tool-3.0.xsd=org/springframework/beans/factory/xml/spring-tool-3.0.xsd, http://www.springframework.org/schema/aop/spring-aop-2.0.xsd=org/springframework/aop/config/spring-aop-2.0.xsd, http://www.springframework.org/schema/jee/spring-jee-3.0.xsd=org/springframework/ejb/config/spring-jee-3.0.xsd, http://www.springframework.org/schema/util/spring-util-4.1.xsd=org/springframework/beans/factory/xml/spring-util-4.1.xsd, http://www.springframework.org/schema/task/spring-task-3.1.xsd=org/springframework/scheduling/config/spring-task-3.1.xsd, http://www.springframework.org/schema/beans/spring-beans-3.0.xsd=org/springframework/beans/factory/xml/spring-beans-3.0.xsd, http://www.springframework.org/schema/jee/spring-jee.xsd=org/springframework/ejb/config/spring-jee-4.3.xsd, http://www.springframework.org/schema/aop/spring-aop-4.3.xsd=org/springframework/aop/config/spring-aop-4.3.xsd, http://www.springframework.org/schema/aop/spring-aop-2.5.xsd=org/springframework/aop/config/spring-aop-2.5.xsd, http://www.springframework.org/schema/lang/spring-lang-2.0.xsd=org/springframework/scripting/config/spring-lang-2.0.xsd, http://www.springframework.org/schema/mvc/spring-mvc-4.3.xsd=org/springframework/web/servlet/config/spring-mvc-4.3.xsd, http://www.springframework.org/schema/util/spring-util-3.2.xsd=org/springframework/beans/factory/xml/spring-util-3.2.xsd, http://www.springframework.org/schema/task/spring-task.xsd=org/springframework/scheduling/config/spring-task-4.3.xsd, http://www.springframework.org/schema/tool/spring-tool-2.0.xsd=org/springframework/beans/factory/xml/spring-tool-2.0.xsd, http://www.springframework.org/schema/lang/spring-lang-2.5.xsd=org/springframework/scripting/config/spring-lang-2.5.xsd, http://www.springframework.org/schema/lang/spring-lang-4.3.xsd=org/springframework/scripting/config/spring-lang-4.3.xsd, http://www.springframework.org/schema/context/spring-context-4.2.xsd=org/springframework/context/config/spring-context-4.2.xsd, http://www.springframework.org/schema/jee/spring-jee-2.0.xsd=org/springframework/ejb/config/spring-jee-2.0.xsd, http://www.springframework.org/schema/tool/spring-tool-4.3.xsd=org/springframework/beans/factory/xml/spring-tool-4.3.xsd, http://www.springframework.org/schema/tool/spring-tool-2.5.xsd=org/springframework/beans/factory/xml/spring-tool-2.5.xsd, http://www.springframework.org/schema/jee/spring-jee-4.3.xsd=org/springframework/ejb/config/spring-jee-4.3.xsd, http://www.springframework.org/schema/jee/spring-jee-2.5.xsd=org/springframework/ejb/config/spring-jee-2.5.xsd, http://www.springframework.org/schema/util/spring-util-4.0.xsd=org/springframework/beans/factory/xml/spring-util-4.0.xsd, http://www.springframework.org/schema/task/spring-task-3.0.xsd=org/springframework/scheduling/config/spring-task-3.0.xsd, http://www.springframework.org/schema/cache/spring-cache-4.3.xsd=org/springframework/cache/config/spring-cache-4.3.xsd, http://www.springframework.org/schema/aop/spring-aop-4.2.xsd=org/springframework/aop/config/spring-aop-4.2.xsd, http://www.springframework.org/schema/lang/spring-lang.xsd=org/springframework/scripting/config/spring-lang-4.3.xsd, http://www.springframework.org/schema/context/spring-context-3.2.xsd=org/springframework/context/config/spring-context-3.2.xsd, http://www.springframework.org/schema/mvc/spring-mvc-4.2.xsd=org/springframework/web/servlet/config/spring-mvc-4.2.xsd, http://www.springframework.org/schema/util/spring-util-3.1.xsd=org/springframework/beans/factory/xml/spring-util-3.1.xsd, http://www.springframework.org/schema/beans/spring-beans-2.0.xsd=org/springframework/beans/factory/xml/spring-beans-2.0.xsd, http://www.springframework.org/schema/cache/spring-cache.xsd=org/springframework/cache/config/spring-cache-4.3.xsd, http://www.springframework.org/schema/lang/spring-lang-4.2.xsd=org/springframework/scripting/config/spring-lang-4.2.xsd, http://www.springframework.org/schema/context/spring-context-4.1.xsd=org/springframework/context/config/spring-context-4.1.xsd, http://www.springframework.org/schema/beans/spring-beans-2.5.xsd=org/springframework/beans/factory/xml/spring-beans-2.5.xsd, http://www.springframework.org/schema/beans/spring-beans-4.3.xsd=org/springframework/beans/factory/xml/spring-beans-4.3.xsd, http://www.springframework.org/schema/tool/spring-tool-4.2.xsd=org/springframework/beans/factory/xml/spring-tool-4.2.xsd, http://www.springframework.org/schema/jee/spring-jee-4.2.xsd=org/springframework/ejb/config/spring-jee-4.2.xsd, http://www.springframework.org/schema/aop/spring-aop.xsd=org/springframework/aop/config/spring-aop-4.3.xsd, http://www.springframework.org/schema/task/spring-task-4.3.xsd=org/springframework/scheduling/config/spring-task-4.3.xsd}
2017-04-25 14:56:26 DEBUG PluggableSchemaResolver:119 - Found XML schema [http://www.springframework.org/schema/beans/spring-beans-3.2.xsd] in classpath: org/springframework/beans/factory/xml/spring-beans-3.2.xsd
2017-04-25 14:56:26 DEBUG PluggableSchemaResolver:119 - Found XML schema [http://www.springframework.org/schema/context/spring-context-3.2.xsd] in classpath: org/springframework/context/config/spring-context-3.2.xsd
2017-04-25 14:56:26 DEBUG PluggableSchemaResolver:119 - Found XML schema [http://www.springframework.org/schema/tool/spring-tool-3.2.xsd] in classpath: org/springframework/beans/factory/xml/spring-tool-3.2.xsd
2017-04-25 14:56:26 DEBUG PluggableSchemaResolver:119 - Found XML schema [http://www.springframework.org/schema/mvc/spring-mvc-3.2.xsd] in classpath: org/springframework/web/servlet/config/spring-mvc-3.2.xsd
2017-04-25 14:56:26 DEBUG DefaultBeanDefinitionDocumentReader:92 - Loading bean definitions
2017-04-25 14:56:26 DEBUG DefaultNamespaceHandlerResolver:157 - Loaded NamespaceHandler mappings: {http://www.springframework.org/schema/p=org.springframework.beans.factory.xml.SimplePropertyNamespaceHandler, http://www.springframework.org/schema/mvc=org.springframework.web.servlet.config.MvcNamespaceHandler, http://www.springframework.org/schema/util=org.springframework.beans.factory.xml.UtilNamespaceHandler, http://www.springframework.org/schema/jee=org.springframework.ejb.config.JeeNamespaceHandler, http://www.springframework.org/schema/aop=org.springframework.aop.config.AopNamespaceHandler, http://www.springframework.org/schema/cache=org.springframework.cache.config.CacheNamespaceHandler, http://www.springframework.org/schema/c=org.springframework.beans.factory.xml.SimpleConstructorNamespaceHandler, http://www.springframework.org/schema/task=org.springframework.scheduling.config.TaskNamespaceHandler, http://www.springframework.org/schema/lang=org.springframework.scripting.config.LangNamespaceHandler, http://www.springframework.org/schema/context=org.springframework.context.config.ContextNamespaceHandler}
2017-04-25 14:56:26 DEBUG StandardEnvironment:109 - Adding [systemProperties] PropertySource with lowest search precedence
2017-04-25 14:56:26 DEBUG StandardEnvironment:109 - Adding [systemEnvironment] PropertySource with lowest search precedence
2017-04-25 14:56:26 DEBUG StandardEnvironment:127 - Initialized StandardEnvironment with PropertySources [systemProperties,systemEnvironment]
2017-04-25 14:56:26 DEBUG ClassPathBeanDefinitionScanner:244 - JSR-250 'javax.annotation.ManagedBean' found and supported for component scanning
2017-04-25 14:56:26 DEBUG ClassPathBeanDefinitionScanner:252 - JSR-330 'javax.inject.Named' annotation found and supported for component scanning
2017-04-25 14:56:26 DEBUG PathMatchingResourcePatternResolver:317 - Resolved classpath location [com/impe/test/log_gen/] to resources [URL [file:/home/impe/workspace/default/log-gen/target/classes/com/impe/test/log_gen/]]
2017-04-25 14:56:26 DEBUG PathMatchingResourcePatternResolver:711 - Looking for matching resources in directory tree [/home/impe/workspace/default/log-gen/target/classes/com/impe/test/log_gen]
2017-04-25 14:56:26 DEBUG PathMatchingResourcePatternResolver:773 - Searching directory [/home/impe/workspace/default/log-gen/target/classes/com/impe/test/log_gen] for files matching pattern [/home/impe/workspace/default/log-gen/target/classes/com/impe/test/log_gen/**/*.class]
2017-04-25 14:56:26 DEBUG PathMatchingResourcePatternResolver:773 - Searching directory [/home/impe/workspace/default/log-gen/target/classes/com/impe/test/log_gen/core] for files matching pattern [/home/impe/workspace/default/log-gen/target/classes/com/impe/test/log_gen/**/*.class]
2017-04-25 14:56:26 DEBUG PathMatchingResourcePatternResolver:773 - Searching directory [/home/impe/workspace/default/log-gen/target/classes/com/impe/test/log_gen/model] for files matching pattern [/home/impe/workspace/default/log-gen/target/classes/com/impe/test/log_gen/**/*.class]
2017-04-25 14:56:26 DEBUG PathMatchingResourcePatternResolver:773 - Searching directory [/home/impe/workspace/default/log-gen/target/classes/com/impe/test/log_gen/web] for files matching pattern [/home/impe/workspace/default/log-gen/target/classes/com/impe/test/log_gen/**/*.class]
2017-04-25 14:56:26 DEBUG PathMatchingResourcePatternResolver:773 - Searching directory [/home/impe/workspace/default/log-gen/target/classes/com/impe/test/log_gen/web/controller] for files matching pattern [/home/impe/workspace/default/log-gen/target/classes/com/impe/test/log_gen/**/*.class]
2017-04-25 14:56:26 DEBUG PathMatchingResourcePatternResolver:483 - Resolved location pattern [classpath*:com/impe/test/log_gen/**/*.class] to resources [file [/home/impe/workspace/default/log-gen/target/classes/com/impe/test/log_gen/App.class], file [/home/impe/workspace/default/log-gen/target/classes/com/impe/test/log_gen/core/LogScheduler.class], file [/home/impe/workspace/default/log-gen/target/classes/com/impe/test/log_gen/core/LogTimerTask.class], file [/home/impe/workspace/default/log-gen/target/classes/com/impe/test/log_gen/model/LogConfiguration.class], file [/home/impe/workspace/default/log-gen/target/classes/com/impe/test/log_gen/model/LogConfigurationHardcoded.class], file [/home/impe/workspace/default/log-gen/target/classes/com/impe/test/log_gen/model/LogConfigurationManager.class], file [/home/impe/workspace/default/log-gen/target/classes/com/impe/test/log_gen/model/LogConfigurationMem.class], file [/home/impe/workspace/default/log-gen/target/classes/com/impe/test/log_gen/model/LogGen.class], file [/home/impe/workspace/default/log-gen/target/classes/com/impe/test/log_gen/web/controller/RestApiController.class], file [/home/impe/workspace/default/log-gen/target/classes/com/impe/test/log_gen/web/controller/WebController.class]]
2017-04-25 14:56:26 DEBUG ClassPathBeanDefinitionScanner:286 - Identified candidate component class: file [/home/impe/workspace/default/log-gen/target/classes/com/impe/test/log_gen/App.class]
2017-04-25 14:56:26 DEBUG ClassPathBeanDefinitionScanner:286 - Identified candidate component class: file [/home/impe/workspace/default/log-gen/target/classes/com/impe/test/log_gen/core/LogScheduler.class]
2017-04-25 14:56:26 DEBUG ClassPathBeanDefinitionScanner:286 - Identified candidate component class: file [/home/impe/workspace/default/log-gen/target/classes/com/impe/test/log_gen/model/LogConfigurationManager.class]
2017-04-25 14:56:26 DEBUG ClassPathBeanDefinitionScanner:286 - Identified candidate component class: file [/home/impe/workspace/default/log-gen/target/classes/com/impe/test/log_gen/web/controller/RestApiController.class]
2017-04-25 14:56:26 DEBUG ClassPathBeanDefinitionScanner:286 - Identified candidate component class: file [/home/impe/workspace/default/log-gen/target/classes/com/impe/test/log_gen/web/controller/WebController.class]
2017-04-25 14:56:26 DEBUG BeanDefinitionParserDelegate:481 - Neither XML 'id' nor 'name' specified - using generated bean name [org.springframework.web.servlet.view.InternalResourceViewResolver#0]
2017-04-25 14:56:26 DEBUG XmlBeanDefinitionReader:224 - Loaded 31 bean definitions from location pattern [/WEB-INF/spring-web-servlet.xml]
2017-04-25 14:56:26 DEBUG XmlWebApplicationContext:615 - Bean factory for WebApplicationContext for namespace 'spring-web-servlet': org.springframework.beans.factory.support.DefaultListableBeanFactory@5b35c7d: defining beans [logGen,logScheduler,logConfigurationManager,restApiController,webController,org.springframework.context.annotation.internalConfigurationAnnotationProcessor,org.springframework.context.annotation.internalAutowiredAnnotationProcessor,org.springframework.context.annotation.internalRequiredAnnotationProcessor,org.springframework.context.annotation.internalCommonAnnotationProcessor,org.springframework.context.event.internalEventListenerProcessor,org.springframework.context.event.internalEventListenerFactory,org.springframework.web.servlet.view.InternalResourceViewResolver#0,mvcResourceUrlProvider,org.springframework.web.servlet.handler.MappedInterceptor#0,org.springframework.web.servlet.resource.ResourceHttpRequestHandler#0,mvcPathMatcher,mvcUrlPathHelper,mvcCorsConfigurations,org.springframework.web.servlet.handler.SimpleUrlHandlerMapping#0,org.springframework.web.servlet.handler.BeanNameUrlHandlerMapping,org.springframework.web.servlet.mvc.HttpRequestHandlerAdapter,org.springframework.web.servlet.mvc.SimpleControllerHandlerAdapter,mvcContentNegotiationManager,org.springframework.web.servlet.mvc.method.annotation.RequestMappingHandlerMapping,org.springframework.format.support.FormattingConversionServiceFactoryBean#0,org.springframework.web.servlet.mvc.method.annotation.RequestMappingHandlerAdapter,mvcUriComponentsContributor,org.springframework.web.servlet.handler.MappedInterceptor#1,org.springframework.web.servlet.mvc.method.annotation.ExceptionHandlerExceptionResolver#0,org.springframework.web.servlet.mvc.annotation.ResponseStatusExceptionResolver#0,org.springframework.web.servlet.mvc.support.DefaultHandlerExceptionResolver#0]; root of factory hierarchy
2017-04-25 14:56:26 DEBUG DefaultListableBeanFactory:879 - Registering scope 'request' with implementation [org.springframework.web.context.request.RequestScope@6f1c3f18]
2017-04-25 14:56:26 DEBUG DefaultListableBeanFactory:879 - Registering scope 'session' with implementation [org.springframework.web.context.request.SessionScope@5ac53c06]
2017-04-25 14:56:26 DEBUG DefaultListableBeanFactory:879 - Registering scope 'globalSession' with implementation [org.springframework.web.context.request.SessionScope@54af3cb9]
2017-04-25 14:56:26 DEBUG DefaultListableBeanFactory:879 - Registering scope 'application' with implementation [org.springframework.web.context.support.ServletContextScope@653fb8d1]
2017-04-25 14:56:26 DEBUG DefaultListableBeanFactory:221 - Creating shared instance of singleton bean 'org.springframework.context.annotation.internalConfigurationAnnotationProcessor'
2017-04-25 14:56:26 DEBUG DefaultListableBeanFactory:448 - Creating instance of bean 'org.springframework.context.annotation.internalConfigurationAnnotationProcessor'
2017-04-25 14:56:26 DEBUG DefaultListableBeanFactory:529 - Eagerly caching bean 'org.springframework.context.annotation.internalConfigurationAnnotationProcessor' to allow for resolving potential circular references
2017-04-25 14:56:26 DEBUG DefaultListableBeanFactory:484 - Finished creating instance of bean 'org.springframework.context.annotation.internalConfigurationAnnotationProcessor'
2017-04-25 14:56:26 DEBUG DefaultListableBeanFactory:221 - Creating shared instance of singleton bean 'org.springframework.context.annotation.internalAutowiredAnnotationProcessor'
2017-04-25 14:56:26 DEBUG DefaultListableBeanFactory:448 - Creating instance of bean 'org.springframework.context.annotation.internalAutowiredAnnotationProcessor'
2017-04-25 14:56:26 INFO  AutowiredAnnotationBeanPostProcessor:156 - JSR-330 'javax.inject.Inject' annotation found and supported for autowiring
2017-04-25 14:56:26 DEBUG DefaultListableBeanFactory:529 - Eagerly caching bean 'org.springframework.context.annotation.internalAutowiredAnnotationProcessor' to allow for resolving potential circular references
2017-04-25 14:56:26 DEBUG DefaultListableBeanFactory:484 - Finished creating instance of bean 'org.springframework.context.annotation.internalAutowiredAnnotationProcessor'
2017-04-25 14:56:26 DEBUG DefaultListableBeanFactory:221 - Creating shared instance of singleton bean 'org.springframework.context.annotation.internalRequiredAnnotationProcessor'
2017-04-25 14:56:26 DEBUG DefaultListableBeanFactory:448 - Creating instance of bean 'org.springframework.context.annotation.internalRequiredAnnotationProcessor'
2017-04-25 14:56:26 DEBUG DefaultListableBeanFactory:529 - Eagerly caching bean 'org.springframework.context.annotation.internalRequiredAnnotationProcessor' to allow for resolving potential circular references
2017-04-25 14:56:26 DEBUG DefaultListableBeanFactory:484 - Finished creating instance of bean 'org.springframework.context.annotation.internalRequiredAnnotationProcessor'
2017-04-25 14:56:26 DEBUG DefaultListableBeanFactory:221 - Creating shared instance of singleton bean 'org.springframework.context.annotation.internalCommonAnnotationProcessor'
2017-04-25 14:56:26 DEBUG DefaultListableBeanFactory:448 - Creating instance of bean 'org.springframework.context.annotation.internalCommonAnnotationProcessor'
2017-04-25 14:56:26 DEBUG DefaultListableBeanFactory:529 - Eagerly caching bean 'org.springframework.context.annotation.internalCommonAnnotationProcessor' to allow for resolving potential circular references
2017-04-25 14:56:26 DEBUG DefaultListableBeanFactory:484 - Finished creating instance of bean 'org.springframework.context.annotation.internalCommonAnnotationProcessor'
2017-04-25 14:56:26 DEBUG DefaultListableBeanFactory:221 - Creating shared instance of singleton bean 'org.springframework.context.annotation.ConfigurationClassPostProcessor.importAwareProcessor'
2017-04-25 14:56:26 DEBUG DefaultListableBeanFactory:448 - Creating instance of bean 'org.springframework.context.annotation.ConfigurationClassPostProcessor.importAwareProcessor'
2017-04-25 14:56:26 DEBUG DefaultListableBeanFactory:529 - Eagerly caching bean 'org.springframework.context.annotation.ConfigurationClassPostProcessor.importAwareProcessor' to allow for resolving potential circular references
2017-04-25 14:56:26 DEBUG DefaultListableBeanFactory:484 - Finished creating instance of bean 'org.springframework.context.annotation.ConfigurationClassPostProcessor.importAwareProcessor'
2017-04-25 14:56:26 DEBUG DefaultListableBeanFactory:221 - Creating shared instance of singleton bean 'org.springframework.context.annotation.ConfigurationClassPostProcessor.enhancedConfigurationProcessor'
2017-04-25 14:56:26 DEBUG DefaultListableBeanFactory:448 - Creating instance of bean 'org.springframework.context.annotation.ConfigurationClassPostProcessor.enhancedConfigurationProcessor'
2017-04-25 14:56:26 DEBUG DefaultListableBeanFactory:529 - Eagerly caching bean 'org.springframework.context.annotation.ConfigurationClassPostProcessor.enhancedConfigurationProcessor' to allow for resolving potential circular references
2017-04-25 14:56:26 DEBUG DefaultListableBeanFactory:484 - Finished creating instance of bean 'org.springframework.context.annotation.ConfigurationClassPostProcessor.enhancedConfigurationProcessor'
2017-04-25 14:56:26 DEBUG XmlWebApplicationContext:728 - Unable to locate MessageSource with name 'messageSource': using default [org.springframework.context.support.DelegatingMessageSource@54c60202]
2017-04-25 14:56:26 DEBUG XmlWebApplicationContext:752 - Unable to locate ApplicationEventMulticaster with name 'applicationEventMulticaster': using default [org.springframework.context.event.SimpleApplicationEventMulticaster@446e7065]
2017-04-25 14:56:26 DEBUG UiApplicationContextUtils:85 - Unable to locate ThemeSource with name 'themeSource': using default [org.springframework.ui.context.support.ResourceBundleThemeSource@67f9cb52]
2017-04-25 14:56:26 DEBUG DefaultListableBeanFactory:744 - Pre-instantiating singletons in org.springframework.beans.factory.support.DefaultListableBeanFactory@5b35c7d: defining beans [logGen,logScheduler,logConfigurationManager,restApiController,webController,org.springframework.context.annotation.internalConfigurationAnnotationProcessor,org.springframework.context.annotation.internalAutowiredAnnotationProcessor,org.springframework.context.annotation.internalRequiredAnnotationProcessor,org.springframework.context.annotation.internalCommonAnnotationProcessor,org.springframework.context.event.internalEventListenerProcessor,org.springframework.context.event.internalEventListenerFactory,org.springframework.web.servlet.view.InternalResourceViewResolver#0,mvcResourceUrlProvider,org.springframework.web.servlet.handler.MappedInterceptor#0,org.springframework.web.servlet.resource.ResourceHttpRequestHandler#0,mvcPathMatcher,mvcUrlPathHelper,mvcCorsConfigurations,org.springframework.web.servlet.handler.SimpleUrlHandlerMapping#0,org.springframework.web.servlet.handler.BeanNameUrlHandlerMapping,org.springframework.web.servlet.mvc.HttpRequestHandlerAdapter,org.springframework.web.servlet.mvc.SimpleControllerHandlerAdapter,mvcContentNegotiationManager,org.springframework.web.servlet.mvc.method.annotation.RequestMappingHandlerMapping,org.springframework.format.support.FormattingConversionServiceFactoryBean#0,org.springframework.web.servlet.mvc.method.annotation.RequestMappingHandlerAdapter,mvcUriComponentsContributor,org.springframework.web.servlet.handler.MappedInterceptor#1,org.springframework.web.servlet.mvc.method.annotation.ExceptionHandlerExceptionResolver#0,org.springframework.web.servlet.mvc.annotation.ResponseStatusExceptionResolver#0,org.springframework.web.servlet.mvc.support.DefaultHandlerExceptionResolver#0,org.springframework.context.annotation.ConfigurationClassPostProcessor.importAwareProcessor,org.springframework.context.annotation.ConfigurationClassPostProcessor.enhancedConfigurationProcessor]; root of factory hierarchy
2017-04-25 14:56:26 DEBUG DefaultListableBeanFactory:221 - Creating shared instance of singleton bean 'logGen'
2017-04-25 14:56:26 DEBUG DefaultListableBeanFactory:448 - Creating instance of bean 'logGen'
2017-04-25 14:56:26 DEBUG InjectionMetadata:72 - Registered injected element on class [com.impe.test.log_gen.App]: AutowiredFieldElement for private com.impe.test.log_gen.model.LogConfigurationManager com.impe.test.log_gen.App.logConfigurationDao
2017-04-25 14:56:26 DEBUG InjectionMetadata:72 - Registered injected element on class [com.impe.test.log_gen.App]: AutowiredFieldElement for private com.impe.test.log_gen.core.LogScheduler com.impe.test.log_gen.App.logScheduler
2017-04-25 14:56:26 DEBUG DefaultListableBeanFactory:529 - Eagerly caching bean 'logGen' to allow for resolving potential circular references
2017-04-25 14:56:26 DEBUG InjectionMetadata:86 - Processing injected element of bean 'logGen': AutowiredFieldElement for private com.impe.test.log_gen.model.LogConfigurationManager com.impe.test.log_gen.App.logConfigurationDao
2017-04-25 14:56:26 DEBUG DefaultListableBeanFactory:221 - Creating shared instance of singleton bean 'logConfigurationManager'
2017-04-25 14:56:26 DEBUG DefaultListableBeanFactory:448 - Creating instance of bean 'logConfigurationManager'
2017-04-25 14:56:26 DEBUG InjectionMetadata:72 - Registered injected element on class [com.impe.test.log_gen.model.LogConfigurationManager]: AutowiredFieldElement for private com.impe.test.log_gen.core.LogScheduler com.impe.test.log_gen.model.LogConfigurationManager.logScheduler
2017-04-25 14:56:26 DEBUG DefaultListableBeanFactory:529 - Eagerly caching bean 'logConfigurationManager' to allow for resolving potential circular references
2017-04-25 14:56:26 DEBUG InjectionMetadata:86 - Processing injected element of bean 'logConfigurationManager': AutowiredFieldElement for private com.impe.test.log_gen.core.LogScheduler com.impe.test.log_gen.model.LogConfigurationManager.logScheduler
2017-04-25 14:56:26 DEBUG DefaultListableBeanFactory:221 - Creating shared instance of singleton bean 'logScheduler'
2017-04-25 14:56:26 DEBUG DefaultListableBeanFactory:448 - Creating instance of bean 'logScheduler'
2017-04-25 14:56:26 DEBUG DefaultListableBeanFactory:529 - Eagerly caching bean 'logScheduler' to allow for resolving potential circular references
2017-04-25 14:56:26 DEBUG DefaultListableBeanFactory:484 - Finished creating instance of bean 'logScheduler'
2017-04-25 14:56:26 DEBUG AutowiredAnnotationBeanPostProcessor:517 - Autowiring by type from bean name 'logConfigurationManager' to bean named 'logScheduler'
2017-04-25 14:56:26 DEBUG DefaultListableBeanFactory:484 - Finished creating instance of bean 'logConfigurationManager'
2017-04-25 14:56:26 DEBUG AutowiredAnnotationBeanPostProcessor:517 - Autowiring by type from bean name 'logGen' to bean named 'logConfigurationManager'
2017-04-25 14:56:26 DEBUG InjectionMetadata:86 - Processing injected element of bean 'logGen': AutowiredFieldElement for private com.impe.test.log_gen.core.LogScheduler com.impe.test.log_gen.App.logScheduler
2017-04-25 14:56:26 DEBUG DefaultListableBeanFactory:251 - Returning cached instance of singleton bean 'logScheduler'
2017-04-25 14:56:26 DEBUG AutowiredAnnotationBeanPostProcessor:517 - Autowiring by type from bean name 'logGen' to bean named 'logScheduler'
2017-04-25 14:56:26 DEBUG DefaultListableBeanFactory:484 - Finished creating instance of bean 'logGen'
2017-04-25 14:56:26 DEBUG DefaultListableBeanFactory:251 - Returning cached instance of singleton bean 'logScheduler'
2017-04-25 14:56:26 DEBUG DefaultListableBeanFactory:251 - Returning cached instance of singleton bean 'logConfigurationManager'
2017-04-25 14:56:26 DEBUG DefaultListableBeanFactory:221 - Creating shared instance of singleton bean 'restApiController'
2017-04-25 14:56:26 DEBUG DefaultListableBeanFactory:448 - Creating instance of bean 'restApiController'
2017-04-25 14:56:26 DEBUG InjectionMetadata:72 - Registered injected element on class [com.impe.test.log_gen.web.controller.RestApiController]: AutowiredFieldElement for com.impe.test.log_gen.model.LogConfigurationManager com.impe.test.log_gen.web.controller.RestApiController.logConfigurationManager
2017-04-25 14:56:26 DEBUG InjectionMetadata:72 - Registered injected element on class [com.impe.test.log_gen.web.controller.RestApiController]: AutowiredFieldElement for com.impe.test.log_gen.core.LogScheduler com.impe.test.log_gen.web.controller.RestApiController.logScheduler
2017-04-25 14:56:26 DEBUG DefaultListableBeanFactory:529 - Eagerly caching bean 'restApiController' to allow for resolving potential circular references
2017-04-25 14:56:26 DEBUG InjectionMetadata:86 - Processing injected element of bean 'restApiController': AutowiredFieldElement for com.impe.test.log_gen.model.LogConfigurationManager com.impe.test.log_gen.web.controller.RestApiController.logConfigurationManager
2017-04-25 14:56:26 DEBUG DefaultListableBeanFactory:251 - Returning cached instance of singleton bean 'logConfigurationManager'
2017-04-25 14:56:26 DEBUG AutowiredAnnotationBeanPostProcessor:517 - Autowiring by type from bean name 'restApiController' to bean named 'logConfigurationManager'
2017-04-25 14:56:26 DEBUG InjectionMetadata:86 - Processing injected element of bean 'restApiController': AutowiredFieldElement for com.impe.test.log_gen.core.LogScheduler com.impe.test.log_gen.web.controller.RestApiController.logScheduler
2017-04-25 14:56:26 DEBUG DefaultListableBeanFactory:251 - Returning cached instance of singleton bean 'logScheduler'
2017-04-25 14:56:26 DEBUG AutowiredAnnotationBeanPostProcessor:517 - Autowiring by type from bean name 'restApiController' to bean named 'logScheduler'
2017-04-25 14:56:26 DEBUG DefaultListableBeanFactory:484 - Finished creating instance of bean 'restApiController'
2017-04-25 14:56:26 DEBUG DefaultListableBeanFactory:221 - Creating shared instance of singleton bean 'webController'
2017-04-25 14:56:26 DEBUG DefaultListableBeanFactory:448 - Creating instance of bean 'webController'
2017-04-25 14:56:26 DEBUG DefaultListableBeanFactory:529 - Eagerly caching bean 'webController' to allow for resolving potential circular references
2017-04-25 14:56:26 DEBUG DefaultListableBeanFactory:484 - Finished creating instance of bean 'webController'
2017-04-25 14:56:26 DEBUG DefaultListableBeanFactory:251 - Returning cached instance of singleton bean 'org.springframework.context.annotation.internalConfigurationAnnotationProcessor'
2017-04-25 14:56:26 DEBUG DefaultListableBeanFactory:251 - Returning cached instance of singleton bean 'org.springframework.context.annotation.internalAutowiredAnnotationProcessor'
2017-04-25 14:56:26 DEBUG DefaultListableBeanFactory:251 - Returning cached instance of singleton bean 'org.springframework.context.annotation.internalRequiredAnnotationProcessor'
2017-04-25 14:56:26 DEBUG DefaultListableBeanFactory:251 - Returning cached instance of singleton bean 'org.springframework.context.annotation.internalCommonAnnotationProcessor'
2017-04-25 14:56:26 DEBUG DefaultListableBeanFactory:221 - Creating shared instance of singleton bean 'org.springframework.context.event.internalEventListenerProcessor'
2017-04-25 14:56:26 DEBUG DefaultListableBeanFactory:448 - Creating instance of bean 'org.springframework.context.event.internalEventListenerProcessor'
2017-04-25 14:56:26 DEBUG DefaultListableBeanFactory:529 - Eagerly caching bean 'org.springframework.context.event.internalEventListenerProcessor' to allow for resolving potential circular references
2017-04-25 14:56:26 DEBUG DefaultListableBeanFactory:484 - Finished creating instance of bean 'org.springframework.context.event.internalEventListenerProcessor'
2017-04-25 14:56:26 DEBUG DefaultListableBeanFactory:221 - Creating shared instance of singleton bean 'org.springframework.context.event.internalEventListenerFactory'
2017-04-25 14:56:26 DEBUG DefaultListableBeanFactory:448 - Creating instance of bean 'org.springframework.context.event.internalEventListenerFactory'
2017-04-25 14:56:26 DEBUG DefaultListableBeanFactory:529 - Eagerly caching bean 'org.springframework.context.event.internalEventListenerFactory' to allow for resolving potential circular references
2017-04-25 14:56:26 DEBUG DefaultListableBeanFactory:484 - Finished creating instance of bean 'org.springframework.context.event.internalEventListenerFactory'
2017-04-25 14:56:26 DEBUG DefaultListableBeanFactory:221 - Creating shared instance of singleton bean 'org.springframework.web.servlet.view.InternalResourceViewResolver#0'
2017-04-25 14:56:26 DEBUG DefaultListableBeanFactory:448 - Creating instance of bean 'org.springframework.web.servlet.view.InternalResourceViewResolver#0'
2017-04-25 14:56:26 DEBUG DefaultListableBeanFactory:529 - Eagerly caching bean 'org.springframework.web.servlet.view.InternalResourceViewResolver#0' to allow for resolving potential circular references
2017-04-25 14:56:26 DEBUG DefaultListableBeanFactory:484 - Finished creating instance of bean 'org.springframework.web.servlet.view.InternalResourceViewResolver#0'
2017-04-25 14:56:26 DEBUG DefaultListableBeanFactory:221 - Creating shared instance of singleton bean 'mvcResourceUrlProvider'
2017-04-25 14:56:26 DEBUG DefaultListableBeanFactory:448 - Creating instance of bean 'mvcResourceUrlProvider'
2017-04-25 14:56:26 DEBUG DefaultListableBeanFactory:529 - Eagerly caching bean 'mvcResourceUrlProvider' to allow for resolving potential circular references
2017-04-25 14:56:26 DEBUG DefaultListableBeanFactory:484 - Finished creating instance of bean 'mvcResourceUrlProvider'
2017-04-25 14:56:26 DEBUG DefaultListableBeanFactory:221 - Creating shared instance of singleton bean 'org.springframework.web.servlet.handler.MappedInterceptor#0'
2017-04-25 14:56:26 DEBUG DefaultListableBeanFactory:448 - Creating instance of bean 'org.springframework.web.servlet.handler.MappedInterceptor#0'
2017-04-25 14:56:26 DEBUG DefaultListableBeanFactory:448 - Creating instance of bean '(inner bean)#2b877a54'
2017-04-25 14:56:26 DEBUG DefaultListableBeanFactory:448 - Creating instance of bean '(inner bean)#1b24ea2a'
2017-04-25 14:56:26 DEBUG DefaultListableBeanFactory:484 - Finished creating instance of bean '(inner bean)#1b24ea2a'
2017-04-25 14:56:26 DEBUG DefaultListableBeanFactory:484 - Finished creating instance of bean '(inner bean)#2b877a54'
2017-04-25 14:56:26 DEBUG BeanUtils:455 - No property editor [org.springframework.web.context.request.WebRequestInterceptorEditor] found for type org.springframework.web.context.request.WebRequestInterceptor according to 'Editor' suffix convention
2017-04-25 14:56:26 DEBUG DefaultListableBeanFactory:529 - Eagerly caching bean 'org.springframework.web.servlet.handler.MappedInterceptor#0' to allow for resolving potential circular references
2017-04-25 14:56:26 DEBUG DefaultListableBeanFactory:484 - Finished creating instance of bean 'org.springframework.web.servlet.handler.MappedInterceptor#0'
2017-04-25 14:56:26 DEBUG DefaultListableBeanFactory:221 - Creating shared instance of singleton bean 'org.springframework.web.servlet.resource.ResourceHttpRequestHandler#0'
2017-04-25 14:56:26 DEBUG DefaultListableBeanFactory:448 - Creating instance of bean 'org.springframework.web.servlet.resource.ResourceHttpRequestHandler#0'
2017-04-25 14:56:26 DEBUG DefaultListableBeanFactory:529 - Eagerly caching bean 'org.springframework.web.servlet.resource.ResourceHttpRequestHandler#0' to allow for resolving potential circular references
2017-04-25 14:56:26 DEBUG DefaultListableBeanFactory:1620 - Invoking afterPropertiesSet() on bean with name 'org.springframework.web.servlet.resource.ResourceHttpRequestHandler#0'
2017-04-25 14:56:27 DEBUG DefaultListableBeanFactory:484 - Finished creating instance of bean 'org.springframework.web.servlet.resource.ResourceHttpRequestHandler#0'
2017-04-25 14:56:27 DEBUG DefaultListableBeanFactory:221 - Creating shared instance of singleton bean 'mvcPathMatcher'
2017-04-25 14:56:27 DEBUG DefaultListableBeanFactory:448 - Creating instance of bean 'mvcPathMatcher'
2017-04-25 14:56:27 DEBUG DefaultListableBeanFactory:529 - Eagerly caching bean 'mvcPathMatcher' to allow for resolving potential circular references
2017-04-25 14:56:27 DEBUG DefaultListableBeanFactory:484 - Finished creating instance of bean 'mvcPathMatcher'
2017-04-25 14:56:27 DEBUG DefaultListableBeanFactory:221 - Creating shared instance of singleton bean 'mvcUrlPathHelper'
2017-04-25 14:56:27 DEBUG DefaultListableBeanFactory:448 - Creating instance of bean 'mvcUrlPathHelper'
2017-04-25 14:56:27 DEBUG DefaultListableBeanFactory:529 - Eagerly caching bean 'mvcUrlPathHelper' to allow for resolving potential circular references
2017-04-25 14:56:27 DEBUG DefaultListableBeanFactory:484 - Finished creating instance of bean 'mvcUrlPathHelper'
2017-04-25 14:56:27 DEBUG DefaultListableBeanFactory:221 - Creating shared instance of singleton bean 'mvcCorsConfigurations'
2017-04-25 14:56:27 DEBUG DefaultListableBeanFactory:448 - Creating instance of bean 'mvcCorsConfigurations'
2017-04-25 14:56:27 DEBUG DefaultListableBeanFactory:529 - Eagerly caching bean 'mvcCorsConfigurations' to allow for resolving potential circular references
2017-04-25 14:56:27 DEBUG DefaultListableBeanFactory:484 - Finished creating instance of bean 'mvcCorsConfigurations'
2017-04-25 14:56:27 DEBUG DefaultListableBeanFactory:221 - Creating shared instance of singleton bean 'org.springframework.web.servlet.handler.SimpleUrlHandlerMapping#0'
2017-04-25 14:56:27 DEBUG DefaultListableBeanFactory:448 - Creating instance of bean 'org.springframework.web.servlet.handler.SimpleUrlHandlerMapping#0'
2017-04-25 14:56:27 DEBUG DefaultListableBeanFactory:529 - Eagerly caching bean 'org.springframework.web.servlet.handler.SimpleUrlHandlerMapping#0' to allow for resolving potential circular references
2017-04-25 14:56:27 DEBUG DefaultListableBeanFactory:251 - Returning cached instance of singleton bean 'mvcPathMatcher'
2017-04-25 14:56:27 DEBUG DefaultListableBeanFactory:251 - Returning cached instance of singleton bean 'mvcUrlPathHelper'
2017-04-25 14:56:27 DEBUG DefaultListableBeanFactory:251 - Returning cached instance of singleton bean 'mvcCorsConfigurations'
2017-04-25 14:56:27 DEBUG DefaultListableBeanFactory:251 - Returning cached instance of singleton bean 'org.springframework.web.servlet.handler.MappedInterceptor#0'
2017-04-25 14:56:27 DEBUG DefaultListableBeanFactory:221 - Creating shared instance of singleton bean 'org.springframework.web.servlet.handler.MappedInterceptor#1'
2017-04-25 14:56:27 DEBUG DefaultListableBeanFactory:448 - Creating instance of bean 'org.springframework.web.servlet.handler.MappedInterceptor#1'
2017-04-25 14:56:27 DEBUG DefaultListableBeanFactory:448 - Creating instance of bean '(inner bean)#4ed18798'
2017-04-25 14:56:27 DEBUG DefaultListableBeanFactory:221 - Creating shared instance of singleton bean 'org.springframework.format.support.FormattingConversionServiceFactoryBean#0'
2017-04-25 14:56:27 DEBUG DefaultListableBeanFactory:448 - Creating instance of bean 'org.springframework.format.support.FormattingConversionServiceFactoryBean#0'
2017-04-25 14:56:27 DEBUG DefaultListableBeanFactory:529 - Eagerly caching bean 'org.springframework.format.support.FormattingConversionServiceFactoryBean#0' to allow for resolving potential circular references
2017-04-25 14:56:27 DEBUG DefaultListableBeanFactory:1620 - Invoking afterPropertiesSet() on bean with name 'org.springframework.format.support.FormattingConversionServiceFactoryBean#0'
2017-04-25 14:56:27 DEBUG DefaultListableBeanFactory:484 - Finished creating instance of bean 'org.springframework.format.support.FormattingConversionServiceFactoryBean#0'
2017-04-25 14:56:27 DEBUG DefaultListableBeanFactory:484 - Finished creating instance of bean '(inner bean)#4ed18798'
2017-04-25 14:56:27 DEBUG DefaultListableBeanFactory:529 - Eagerly caching bean 'org.springframework.web.servlet.handler.MappedInterceptor#1' to allow for resolving potential circular references
2017-04-25 14:56:27 DEBUG DefaultListableBeanFactory:484 - Finished creating instance of bean 'org.springframework.web.servlet.handler.MappedInterceptor#1'
2017-04-25 14:56:27 DEBUG DefaultListableBeanFactory:251 - Returning cached instance of singleton bean 'org.springframework.web.servlet.resource.ResourceHttpRequestHandler#0'
2017-04-25 14:56:27 INFO  SimpleUrlHandlerMapping:341 - Mapped URL path [/resources/**] onto handler 'org.springframework.web.servlet.resource.ResourceHttpRequestHandler#0'
2017-04-25 14:56:27 DEBUG DefaultListableBeanFactory:484 - Finished creating instance of bean 'org.springframework.web.servlet.handler.SimpleUrlHandlerMapping#0'
2017-04-25 14:56:27 DEBUG DefaultListableBeanFactory:221 - Creating shared instance of singleton bean 'org.springframework.web.servlet.handler.BeanNameUrlHandlerMapping'
2017-04-25 14:56:27 DEBUG DefaultListableBeanFactory:448 - Creating instance of bean 'org.springframework.web.servlet.handler.BeanNameUrlHandlerMapping'
2017-04-25 14:56:27 DEBUG DefaultListableBeanFactory:529 - Eagerly caching bean 'org.springframework.web.servlet.handler.BeanNameUrlHandlerMapping' to allow for resolving potential circular references
2017-04-25 14:56:27 DEBUG DefaultListableBeanFactory:251 - Returning cached instance of singleton bean 'mvcCorsConfigurations'
2017-04-25 14:56:27 DEBUG DefaultListableBeanFactory:251 - Returning cached instance of singleton bean 'org.springframework.web.servlet.handler.MappedInterceptor#0'
2017-04-25 14:56:27 DEBUG DefaultListableBeanFactory:251 - Returning cached instance of singleton bean 'org.springframework.web.servlet.handler.MappedInterceptor#1'
2017-04-25 14:56:27 DEBUG BeanNameUrlHandlerMapping:71 - Looking for URL mappings in application context: WebApplicationContext for namespace 'spring-web-servlet': startup date [Tue Apr 25 14:56:26 BST 2017]; root of context hierarchy
2017-04-25 14:56:27 DEBUG BeanNameUrlHandlerMapping:86 - Rejected bean name 'logGen': no URL paths identified
2017-04-25 14:56:27 DEBUG BeanNameUrlHandlerMapping:86 - Rejected bean name 'logScheduler': no URL paths identified
2017-04-25 14:56:27 DEBUG BeanNameUrlHandlerMapping:86 - Rejected bean name 'logConfigurationManager': no URL paths identified
2017-04-25 14:56:27 DEBUG BeanNameUrlHandlerMapping:86 - Rejected bean name 'restApiController': no URL paths identified
2017-04-25 14:56:27 DEBUG BeanNameUrlHandlerMapping:86 - Rejected bean name 'webController': no URL paths identified
2017-04-25 14:56:27 DEBUG BeanNameUrlHandlerMapping:86 - Rejected bean name 'org.springframework.context.annotation.internalConfigurationAnnotationProcessor': no URL paths identified
2017-04-25 14:56:27 DEBUG BeanNameUrlHandlerMapping:86 - Rejected bean name 'org.springframework.context.annotation.internalAutowiredAnnotationProcessor': no URL paths identified
2017-04-25 14:56:27 DEBUG BeanNameUrlHandlerMapping:86 - Rejected bean name 'org.springframework.context.annotation.internalRequiredAnnotationProcessor': no URL paths identified
2017-04-25 14:56:27 DEBUG BeanNameUrlHandlerMapping:86 - Rejected bean name 'org.springframework.context.annotation.internalCommonAnnotationProcessor': no URL paths identified
2017-04-25 14:56:27 DEBUG BeanNameUrlHandlerMapping:86 - Rejected bean name 'org.springframework.context.event.internalEventListenerProcessor': no URL paths identified
2017-04-25 14:56:27 DEBUG BeanNameUrlHandlerMapping:86 - Rejected bean name 'org.springframework.context.event.internalEventListenerFactory': no URL paths identified
2017-04-25 14:56:27 DEBUG BeanNameUrlHandlerMapping:86 - Rejected bean name 'org.springframework.web.servlet.view.InternalResourceViewResolver#0': no URL paths identified
2017-04-25 14:56:27 DEBUG BeanNameUrlHandlerMapping:86 - Rejected bean name 'mvcResourceUrlProvider': no URL paths identified
2017-04-25 14:56:27 DEBUG BeanNameUrlHandlerMapping:86 - Rejected bean name 'org.springframework.web.servlet.handler.MappedInterceptor#0': no URL paths identified
2017-04-25 14:56:27 DEBUG BeanNameUrlHandlerMapping:86 - Rejected bean name 'org.springframework.web.servlet.resource.ResourceHttpRequestHandler#0': no URL paths identified
2017-04-25 14:56:27 DEBUG BeanNameUrlHandlerMapping:86 - Rejected bean name 'mvcPathMatcher': no URL paths identified
2017-04-25 14:56:27 DEBUG BeanNameUrlHandlerMapping:86 - Rejected bean name 'mvcUrlPathHelper': no URL paths identified
2017-04-25 14:56:27 DEBUG BeanNameUrlHandlerMapping:86 - Rejected bean name 'mvcCorsConfigurations': no URL paths identified
2017-04-25 14:56:27 DEBUG BeanNameUrlHandlerMapping:86 - Rejected bean name 'org.springframework.web.servlet.handler.SimpleUrlHandlerMapping#0': no URL paths identified
2017-04-25 14:56:27 DEBUG BeanNameUrlHandlerMapping:86 - Rejected bean name 'org.springframework.web.servlet.handler.BeanNameUrlHandlerMapping': no URL paths identified
2017-04-25 14:56:27 DEBUG BeanNameUrlHandlerMapping:86 - Rejected bean name 'org.springframework.web.servlet.mvc.HttpRequestHandlerAdapter': no URL paths identified
2017-04-25 14:56:27 DEBUG BeanNameUrlHandlerMapping:86 - Rejected bean name 'org.springframework.web.servlet.mvc.SimpleControllerHandlerAdapter': no URL paths identified
2017-04-25 14:56:27 DEBUG BeanNameUrlHandlerMapping:86 - Rejected bean name 'mvcContentNegotiationManager': no URL paths identified
2017-04-25 14:56:27 DEBUG BeanNameUrlHandlerMapping:86 - Rejected bean name 'org.springframework.web.servlet.mvc.method.annotation.RequestMappingHandlerMapping': no URL paths identified
2017-04-25 14:56:27 DEBUG BeanNameUrlHandlerMapping:86 - Rejected bean name 'org.springframework.format.support.FormattingConversionServiceFactoryBean#0': no URL paths identified
2017-04-25 14:56:27 DEBUG BeanNameUrlHandlerMapping:86 - Rejected bean name 'org.springframework.web.servlet.mvc.method.annotation.RequestMappingHandlerAdapter': no URL paths identified
2017-04-25 14:56:27 DEBUG BeanNameUrlHandlerMapping:86 - Rejected bean name 'mvcUriComponentsContributor': no URL paths identified
2017-04-25 14:56:27 DEBUG BeanNameUrlHandlerMapping:86 - Rejected bean name 'org.springframework.web.servlet.handler.MappedInterceptor#1': no URL paths identified
2017-04-25 14:56:27 DEBUG BeanNameUrlHandlerMapping:86 - Rejected bean name 'org.springframework.web.servlet.mvc.method.annotation.ExceptionHandlerExceptionResolver#0': no URL paths identified
2017-04-25 14:56:27 DEBUG BeanNameUrlHandlerMapping:86 - Rejected bean name 'org.springframework.web.servlet.mvc.annotation.ResponseStatusExceptionResolver#0': no URL paths identified
2017-04-25 14:56:27 DEBUG BeanNameUrlHandlerMapping:86 - Rejected bean name 'org.springframework.web.servlet.mvc.support.DefaultHandlerExceptionResolver#0': no URL paths identified
2017-04-25 14:56:27 DEBUG BeanNameUrlHandlerMapping:86 - Rejected bean name 'org.springframework.context.annotation.ConfigurationClassPostProcessor.importAwareProcessor': no URL paths identified
2017-04-25 14:56:27 DEBUG BeanNameUrlHandlerMapping:86 - Rejected bean name 'org.springframework.context.annotation.ConfigurationClassPostProcessor.enhancedConfigurationProcessor': no URL paths identified
2017-04-25 14:56:27 DEBUG BeanNameUrlHandlerMapping:86 - Rejected bean name 'environment': no URL paths identified
2017-04-25 14:56:27 DEBUG BeanNameUrlHandlerMapping:86 - Rejected bean name 'systemProperties': no URL paths identified
2017-04-25 14:56:27 DEBUG BeanNameUrlHandlerMapping:86 - Rejected bean name 'systemEnvironment': no URL paths identified
2017-04-25 14:56:27 DEBUG BeanNameUrlHandlerMapping:86 - Rejected bean name 'servletContext': no URL paths identified
2017-04-25 14:56:27 DEBUG BeanNameUrlHandlerMapping:86 - Rejected bean name 'servletConfig': no URL paths identified
2017-04-25 14:56:27 DEBUG BeanNameUrlHandlerMapping:86 - Rejected bean name 'contextParameters': no URL paths identified
2017-04-25 14:56:27 DEBUG BeanNameUrlHandlerMapping:86 - Rejected bean name 'contextAttributes': no URL paths identified
2017-04-25 14:56:27 DEBUG BeanNameUrlHandlerMapping:86 - Rejected bean name 'org.springframework.context.annotation.ConfigurationClassPostProcessor.importRegistry': no URL paths identified
2017-04-25 14:56:27 DEBUG BeanNameUrlHandlerMapping:86 - Rejected bean name 'messageSource': no URL paths identified
2017-04-25 14:56:27 DEBUG BeanNameUrlHandlerMapping:86 - Rejected bean name 'applicationEventMulticaster': no URL paths identified
2017-04-25 14:56:27 DEBUG DefaultListableBeanFactory:484 - Finished creating instance of bean 'org.springframework.web.servlet.handler.BeanNameUrlHandlerMapping'
2017-04-25 14:56:27 DEBUG DefaultListableBeanFactory:221 - Creating shared instance of singleton bean 'org.springframework.web.servlet.mvc.HttpRequestHandlerAdapter'
2017-04-25 14:56:27 DEBUG DefaultListableBeanFactory:448 - Creating instance of bean 'org.springframework.web.servlet.mvc.HttpRequestHandlerAdapter'
2017-04-25 14:56:27 DEBUG DefaultListableBeanFactory:529 - Eagerly caching bean 'org.springframework.web.servlet.mvc.HttpRequestHandlerAdapter' to allow for resolving potential circular references
2017-04-25 14:56:27 DEBUG DefaultListableBeanFactory:484 - Finished creating instance of bean 'org.springframework.web.servlet.mvc.HttpRequestHandlerAdapter'
2017-04-25 14:56:27 DEBUG DefaultListableBeanFactory:221 - Creating shared instance of singleton bean 'org.springframework.web.servlet.mvc.SimpleControllerHandlerAdapter'
2017-04-25 14:56:27 DEBUG DefaultListableBeanFactory:448 - Creating instance of bean 'org.springframework.web.servlet.mvc.SimpleControllerHandlerAdapter'
2017-04-25 14:56:27 DEBUG DefaultListableBeanFactory:529 - Eagerly caching bean 'org.springframework.web.servlet.mvc.SimpleControllerHandlerAdapter' to allow for resolving potential circular references
2017-04-25 14:56:27 DEBUG DefaultListableBeanFactory:484 - Finished creating instance of bean 'org.springframework.web.servlet.mvc.SimpleControllerHandlerAdapter'
2017-04-25 14:56:27 DEBUG DefaultListableBeanFactory:221 - Creating shared instance of singleton bean 'mvcContentNegotiationManager'
2017-04-25 14:56:27 DEBUG DefaultListableBeanFactory:448 - Creating instance of bean 'mvcContentNegotiationManager'
2017-04-25 14:56:27 DEBUG DefaultListableBeanFactory:529 - Eagerly caching bean 'mvcContentNegotiationManager' to allow for resolving potential circular references
2017-04-25 14:56:27 DEBUG DefaultListableBeanFactory:1620 - Invoking afterPropertiesSet() on bean with name 'mvcContentNegotiationManager'
2017-04-25 14:56:27 DEBUG DefaultListableBeanFactory:484 - Finished creating instance of bean 'mvcContentNegotiationManager'
2017-04-25 14:56:27 DEBUG DefaultListableBeanFactory:221 - Creating shared instance of singleton bean 'org.springframework.web.servlet.mvc.method.annotation.RequestMappingHandlerMapping'
2017-04-25 14:56:27 DEBUG DefaultListableBeanFactory:448 - Creating instance of bean 'org.springframework.web.servlet.mvc.method.annotation.RequestMappingHandlerMapping'
2017-04-25 14:56:27 DEBUG DefaultListableBeanFactory:529 - Eagerly caching bean 'org.springframework.web.servlet.mvc.method.annotation.RequestMappingHandlerMapping' to allow for resolving potential circular references
2017-04-25 14:56:27 DEBUG DefaultListableBeanFactory:251 - Returning cached instance of singleton bean 'mvcContentNegotiationManager'
2017-04-25 14:56:27 DEBUG DefaultListableBeanFactory:251 - Returning cached instance of singleton bean 'mvcCorsConfigurations'
2017-04-25 14:56:27 DEBUG DefaultListableBeanFactory:251 - Returning cached instance of singleton bean 'org.springframework.web.servlet.handler.MappedInterceptor#0'
2017-04-25 14:56:27 DEBUG DefaultListableBeanFactory:251 - Returning cached instance of singleton bean 'org.springframework.web.servlet.handler.MappedInterceptor#1'
2017-04-25 14:56:27 DEBUG DefaultListableBeanFactory:1620 - Invoking afterPropertiesSet() on bean with name 'org.springframework.web.servlet.mvc.method.annotation.RequestMappingHandlerMapping'
2017-04-25 14:56:27 DEBUG RequestMappingHandlerMapping:195 - Looking for request mappings in application context: WebApplicationContext for namespace 'spring-web-servlet': startup date [Tue Apr 25 14:56:26 BST 2017]; root of context hierarchy
2017-04-25 14:56:27 DEBUG RequestMappingHandlerMapping:239 - 2 request handler methods found on class com.impe.test.log_gen.web.controller.RestApiController: {public com.impe.test.log_gen.model.LogConfiguration com.impe.test.log_gen.web.controller.RestApiController.getConfig()={[/config],methods=[GET]}, public org.springframework.http.ResponseEntity com.impe.test.log_gen.web.controller.RestApiController.setConfig(com.impe.test.log_gen.model.LogConfigurationMem)={[/config],methods=[POST]}}
2017-04-25 14:56:27 INFO  RequestMappingHandlerMapping:537 - Mapped "{[/config],methods=[GET]}" onto public com.impe.test.log_gen.model.LogConfiguration com.impe.test.log_gen.web.controller.RestApiController.getConfig()
2017-04-25 14:56:27 INFO  RequestMappingHandlerMapping:537 - Mapped "{[/config],methods=[POST]}" onto public org.springframework.http.ResponseEntity<com.impe.test.log_gen.model.LogConfigurationMem> com.impe.test.log_gen.web.controller.RestApiController.setConfig(com.impe.test.log_gen.model.LogConfigurationMem)
2017-04-25 14:56:27 DEBUG RequestMappingHandlerMapping:239 - 2 request handler methods found on class com.impe.test.log_gen.web.controller.WebController: {public java.lang.String com.impe.test.log_gen.web.controller.WebController.printWelcome(org.springframework.ui.ModelMap)={[/],methods=[GET]}, public org.springframework.web.servlet.ModelAndView com.impe.test.log_gen.web.controller.WebController.hello(java.lang.String)={[/{name:.+}],methods=[GET]}}
2017-04-25 14:56:27 INFO  RequestMappingHandlerMapping:537 - Mapped "{[/],methods=[GET]}" onto public java.lang.String com.impe.test.log_gen.web.controller.WebController.printWelcome(org.springframework.ui.ModelMap)
2017-04-25 14:56:27 INFO  RequestMappingHandlerMapping:537 - Mapped "{[/{name:.+}],methods=[GET]}" onto public org.springframework.web.servlet.ModelAndView com.impe.test.log_gen.web.controller.WebController.hello(java.lang.String)
2017-04-25 14:56:27 DEBUG DefaultListableBeanFactory:484 - Finished creating instance of bean 'org.springframework.web.servlet.mvc.method.annotation.RequestMappingHandlerMapping'
2017-04-25 14:56:27 DEBUG DefaultListableBeanFactory:251 - Returning cached instance of singleton bean 'org.springframework.format.support.FormattingConversionServiceFactoryBean#0'
2017-04-25 14:56:27 DEBUG DefaultListableBeanFactory:221 - Creating shared instance of singleton bean 'org.springframework.web.servlet.mvc.method.annotation.RequestMappingHandlerAdapter'
2017-04-25 14:56:27 DEBUG DefaultListableBeanFactory:448 - Creating instance of bean 'org.springframework.web.servlet.mvc.method.annotation.RequestMappingHandlerAdapter'
2017-04-25 14:56:27 DEBUG DefaultListableBeanFactory:529 - Eagerly caching bean 'org.springframework.web.servlet.mvc.method.annotation.RequestMappingHandlerAdapter' to allow for resolving potential circular references
2017-04-25 14:56:27 DEBUG DefaultListableBeanFactory:251 - Returning cached instance of singleton bean 'mvcContentNegotiationManager'
2017-04-25 14:56:27 DEBUG DefaultListableBeanFactory:448 - Creating instance of bean '(inner bean)#1e495414'
2017-04-25 14:56:27 DEBUG DefaultListableBeanFactory:251 - Returning cached instance of singleton bean 'org.springframework.format.support.FormattingConversionServiceFactoryBean#0'
2017-04-25 14:56:27 DEBUG DefaultListableBeanFactory:484 - Finished creating instance of bean '(inner bean)#1e495414'
2017-04-25 14:56:27 DEBUG DefaultListableBeanFactory:448 - Creating instance of bean '(inner bean)#b06d46d'
2017-04-25 14:56:27 DEBUG DefaultListableBeanFactory:484 - Finished creating instance of bean '(inner bean)#b06d46d'
2017-04-25 14:56:27 DEBUG DefaultListableBeanFactory:448 - Creating instance of bean '(inner bean)#4409cae6'
2017-04-25 14:56:27 DEBUG DefaultListableBeanFactory:484 - Finished creating instance of bean '(inner bean)#4409cae6'
2017-04-25 14:56:27 DEBUG DefaultListableBeanFactory:448 - Creating instance of bean '(inner bean)#242ff747'
2017-04-25 14:56:27 DEBUG DefaultListableBeanFactory:484 - Finished creating instance of bean '(inner bean)#242ff747'
2017-04-25 14:56:27 DEBUG DefaultListableBeanFactory:448 - Creating instance of bean '(inner bean)#5329f6b3'
2017-04-25 14:56:27 DEBUG DefaultListableBeanFactory:484 - Finished creating instance of bean '(inner bean)#5329f6b3'
2017-04-25 14:56:27 DEBUG DefaultListableBeanFactory:448 - Creating instance of bean '(inner bean)#77324a58'
2017-04-25 14:56:27 DEBUG DefaultListableBeanFactory:484 - Finished creating instance of bean '(inner bean)#77324a58'
2017-04-25 14:56:27 DEBUG DefaultListableBeanFactory:448 - Creating instance of bean '(inner bean)#66713605'
2017-04-25 14:56:27 DEBUG DefaultListableBeanFactory:484 - Finished creating instance of bean '(inner bean)#66713605'
2017-04-25 14:56:27 DEBUG DefaultListableBeanFactory:448 - Creating instance of bean '(inner bean)#37ca3ca8'
2017-04-25 14:56:27 DEBUG DefaultListableBeanFactory:448 - Creating instance of bean '(inner bean)#1b7554d4'
2017-04-25 14:56:27 DEBUG DefaultListableBeanFactory:1620 - Invoking afterPropertiesSet() on bean with name '(inner bean)#1b7554d4'
2017-04-25 14:56:27 DEBUG DefaultListableBeanFactory:484 - Finished creating instance of bean '(inner bean)#1b7554d4'
2017-04-25 14:56:27 DEBUG DefaultListableBeanFactory:484 - Finished creating instance of bean '(inner bean)#37ca3ca8'
2017-04-25 14:56:27 DEBUG DefaultListableBeanFactory:448 - Creating instance of bean '(inner bean)#7761e342'
2017-04-25 14:56:27 DEBUG DefaultListableBeanFactory:484 - Finished creating instance of bean '(inner bean)#7761e342'
2017-04-25 14:56:27 DEBUG DefaultListableBeanFactory:448 - Creating instance of bean '(inner bean)#5520f675'
2017-04-25 14:56:27 DEBUG DefaultListableBeanFactory:484 - Finished creating instance of bean '(inner bean)#5520f675'
2017-04-25 14:56:27 DEBUG DefaultListableBeanFactory:1620 - Invoking afterPropertiesSet() on bean with name 'org.springframework.web.servlet.mvc.method.annotation.RequestMappingHandlerAdapter'
2017-04-25 14:56:27 INFO  RequestMappingHandlerAdapter:534 - Looking for @ControllerAdvice: WebApplicationContext for namespace 'spring-web-servlet': startup date [Tue Apr 25 14:56:26 BST 2017]; root of context hierarchy
2017-04-25 14:56:27 DEBUG DefaultListableBeanFactory:484 - Finished creating instance of bean 'org.springframework.web.servlet.mvc.method.annotation.RequestMappingHandlerAdapter'
2017-04-25 14:56:27 DEBUG DefaultListableBeanFactory:221 - Creating shared instance of singleton bean 'mvcUriComponentsContributor'
2017-04-25 14:56:27 DEBUG DefaultListableBeanFactory:448 - Creating instance of bean 'mvcUriComponentsContributor'
2017-04-25 14:56:27 DEBUG DefaultListableBeanFactory:529 - Eagerly caching bean 'mvcUriComponentsContributor' to allow for resolving potential circular references
2017-04-25 14:56:27 DEBUG DefaultListableBeanFactory:448 - Creating instance of bean '(inner bean)#79be91eb'
2017-04-25 14:56:27 DEBUG DefaultListableBeanFactory:251 - Returning cached instance of singleton bean 'mvcContentNegotiationManager'
2017-04-25 14:56:27 DEBUG DefaultListableBeanFactory:448 - Creating instance of bean '(inner bean)#1e495414#1'
2017-04-25 14:56:27 DEBUG DefaultListableBeanFactory:251 - Returning cached instance of singleton bean 'org.springframework.format.support.FormattingConversionServiceFactoryBean#0'
2017-04-25 14:56:27 DEBUG DefaultListableBeanFactory:484 - Finished creating instance of bean '(inner bean)#1e495414#1'
2017-04-25 14:56:27 DEBUG DefaultListableBeanFactory:448 - Creating instance of bean '(inner bean)#b06d46d#1'
2017-04-25 14:56:27 DEBUG DefaultListableBeanFactory:484 - Finished creating instance of bean '(inner bean)#b06d46d#1'
2017-04-25 14:56:27 DEBUG DefaultListableBeanFactory:448 - Creating instance of bean '(inner bean)#4409cae6#1'
2017-04-25 14:56:27 DEBUG DefaultListableBeanFactory:484 - Finished creating instance of bean '(inner bean)#4409cae6#1'
2017-04-25 14:56:27 DEBUG DefaultListableBeanFactory:448 - Creating instance of bean '(inner bean)#242ff747#1'
2017-04-25 14:56:27 DEBUG DefaultListableBeanFactory:484 - Finished creating instance of bean '(inner bean)#242ff747#1'
2017-04-25 14:56:27 DEBUG DefaultListableBeanFactory:448 - Creating instance of bean '(inner bean)#5329f6b3#1'
2017-04-25 14:56:27 DEBUG DefaultListableBeanFactory:484 - Finished creating instance of bean '(inner bean)#5329f6b3#1'
2017-04-25 14:56:27 DEBUG DefaultListableBeanFactory:448 - Creating instance of bean '(inner bean)#77324a58#1'
2017-04-25 14:56:27 DEBUG DefaultListableBeanFactory:484 - Finished creating instance of bean '(inner bean)#77324a58#1'
2017-04-25 14:56:27 DEBUG DefaultListableBeanFactory:448 - Creating instance of bean '(inner bean)#66713605#1'
2017-04-25 14:56:27 DEBUG DefaultListableBeanFactory:484 - Finished creating instance of bean '(inner bean)#66713605#1'
2017-04-25 14:56:27 DEBUG DefaultListableBeanFactory:448 - Creating instance of bean '(inner bean)#37ca3ca8#1'
2017-04-25 14:56:27 DEBUG DefaultListableBeanFactory:448 - Creating instance of bean '(inner bean)#1b7554d4#1'
2017-04-25 14:56:27 DEBUG DefaultListableBeanFactory:1620 - Invoking afterPropertiesSet() on bean with name '(inner bean)#1b7554d4#1'
2017-04-25 14:56:27 DEBUG DefaultListableBeanFactory:484 - Finished creating instance of bean '(inner bean)#1b7554d4#1'
2017-04-25 14:56:27 DEBUG DefaultListableBeanFactory:484 - Finished creating instance of bean '(inner bean)#37ca3ca8#1'
2017-04-25 14:56:27 DEBUG DefaultListableBeanFactory:448 - Creating instance of bean '(inner bean)#7761e342#1'
2017-04-25 14:56:27 DEBUG DefaultListableBeanFactory:484 - Finished creating instance of bean '(inner bean)#7761e342#1'
2017-04-25 14:56:27 DEBUG DefaultListableBeanFactory:448 - Creating instance of bean '(inner bean)#5520f675#1'
2017-04-25 14:56:27 DEBUG DefaultListableBeanFactory:484 - Finished creating instance of bean '(inner bean)#5520f675#1'
2017-04-25 14:56:27 DEBUG DefaultListableBeanFactory:1620 - Invoking afterPropertiesSet() on bean with name '(inner bean)#79be91eb'
2017-04-25 14:56:27 INFO  RequestMappingHandlerAdapter:534 - Looking for @ControllerAdvice: WebApplicationContext for namespace 'spring-web-servlet': startup date [Tue Apr 25 14:56:26 BST 2017]; root of context hierarchy
2017-04-25 14:56:27 DEBUG DefaultListableBeanFactory:247 - Returning eagerly cached instance of singleton bean 'mvcUriComponentsContributor' that is not fully initialized yet - a consequence of a circular reference
2017-04-25 14:56:27 DEBUG DefaultListableBeanFactory:484 - Finished creating instance of bean '(inner bean)#79be91eb'
2017-04-25 14:56:27 DEBUG DefaultListableBeanFactory:251 - Returning cached instance of singleton bean 'org.springframework.format.support.FormattingConversionServiceFactoryBean#0'
2017-04-25 14:56:27 DEBUG DefaultListableBeanFactory:1620 - Invoking afterPropertiesSet() on bean with name 'mvcUriComponentsContributor'
2017-04-25 14:56:27 DEBUG DefaultListableBeanFactory:484 - Finished creating instance of bean 'mvcUriComponentsContributor'
2017-04-25 14:56:27 DEBUG DefaultListableBeanFactory:251 - Returning cached instance of singleton bean 'org.springframework.web.servlet.handler.MappedInterceptor#1'
2017-04-25 14:56:27 DEBUG DefaultListableBeanFactory:221 - Creating shared instance of singleton bean 'org.springframework.web.servlet.mvc.method.annotation.ExceptionHandlerExceptionResolver#0'
2017-04-25 14:56:27 DEBUG DefaultListableBeanFactory:448 - Creating instance of bean 'org.springframework.web.servlet.mvc.method.annotation.ExceptionHandlerExceptionResolver#0'
2017-04-25 14:56:27 DEBUG DefaultListableBeanFactory:529 - Eagerly caching bean 'org.springframework.web.servlet.mvc.method.annotation.ExceptionHandlerExceptionResolver#0' to allow for resolving potential circular references
2017-04-25 14:56:28 DEBUG DefaultListableBeanFactory:251 - Returning cached instance of singleton bean 'mvcContentNegotiationManager'
2017-04-25 14:56:28 DEBUG DefaultListableBeanFactory:448 - Creating instance of bean '(inner bean)#b06d46d#2'
2017-04-25 14:56:28 DEBUG DefaultListableBeanFactory:484 - Finished creating instance of bean '(inner bean)#b06d46d#2'
2017-04-25 14:56:28 DEBUG DefaultListableBeanFactory:448 - Creating instance of bean '(inner bean)#4409cae6#2'
2017-04-25 14:56:28 DEBUG DefaultListableBeanFactory:484 - Finished creating instance of bean '(inner bean)#4409cae6#2'
2017-04-25 14:56:28 DEBUG DefaultListableBeanFactory:448 - Creating instance of bean '(inner bean)#242ff747#2'
2017-04-25 14:56:28 DEBUG DefaultListableBeanFactory:484 - Finished creating instance of bean '(inner bean)#242ff747#2'
2017-04-25 14:56:28 DEBUG DefaultListableBeanFactory:448 - Creating instance of bean '(inner bean)#5329f6b3#2'
2017-04-25 14:56:28 DEBUG DefaultListableBeanFactory:484 - Finished creating instance of bean '(inner bean)#5329f6b3#2'
2017-04-25 14:56:28 DEBUG DefaultListableBeanFactory:448 - Creating instance of bean '(inner bean)#77324a58#2'
2017-04-25 14:56:28 DEBUG DefaultListableBeanFactory:484 - Finished creating instance of bean '(inner bean)#77324a58#2'
2017-04-25 14:56:28 DEBUG DefaultListableBeanFactory:448 - Creating instance of bean '(inner bean)#66713605#2'
2017-04-25 14:56:28 DEBUG DefaultListableBeanFactory:484 - Finished creating instance of bean '(inner bean)#66713605#2'
2017-04-25 14:56:28 DEBUG DefaultListableBeanFactory:448 - Creating instance of bean '(inner bean)#37ca3ca8#2'
2017-04-25 14:56:28 DEBUG DefaultListableBeanFactory:448 - Creating instance of bean '(inner bean)#1b7554d4#2'
2017-04-25 14:56:28 DEBUG DefaultListableBeanFactory:1620 - Invoking afterPropertiesSet() on bean with name '(inner bean)#1b7554d4#2'
2017-04-25 14:56:28 DEBUG DefaultListableBeanFactory:484 - Finished creating instance of bean '(inner bean)#1b7554d4#2'
2017-04-25 14:56:28 DEBUG DefaultListableBeanFactory:484 - Finished creating instance of bean '(inner bean)#37ca3ca8#2'
2017-04-25 14:56:28 DEBUG DefaultListableBeanFactory:448 - Creating instance of bean '(inner bean)#4d69d288'
2017-04-25 14:56:28 DEBUG DefaultListableBeanFactory:484 - Finished creating instance of bean '(inner bean)#4d69d288'
2017-04-25 14:56:28 DEBUG DefaultListableBeanFactory:1620 - Invoking afterPropertiesSet() on bean with name 'org.springframework.web.servlet.mvc.method.annotation.ExceptionHandlerExceptionResolver#0'
2017-04-25 14:56:28 DEBUG ExceptionHandlerExceptionResolver:258 - Looking for exception mappings: WebApplicationContext for namespace 'spring-web-servlet': startup date [Tue Apr 25 14:56:26 BST 2017]; root of context hierarchy
2017-04-25 14:56:28 DEBUG DefaultListableBeanFactory:484 - Finished creating instance of bean 'org.springframework.web.servlet.mvc.method.annotation.ExceptionHandlerExceptionResolver#0'
2017-04-25 14:56:28 DEBUG DefaultListableBeanFactory:221 - Creating shared instance of singleton bean 'org.springframework.web.servlet.mvc.annotation.ResponseStatusExceptionResolver#0'
2017-04-25 14:56:28 DEBUG DefaultListableBeanFactory:448 - Creating instance of bean 'org.springframework.web.servlet.mvc.annotation.ResponseStatusExceptionResolver#0'
2017-04-25 14:56:28 DEBUG DefaultListableBeanFactory:529 - Eagerly caching bean 'org.springframework.web.servlet.mvc.annotation.ResponseStatusExceptionResolver#0' to allow for resolving potential circular references
2017-04-25 14:56:28 DEBUG DefaultListableBeanFactory:484 - Finished creating instance of bean 'org.springframework.web.servlet.mvc.annotation.ResponseStatusExceptionResolver#0'
2017-04-25 14:56:28 DEBUG DefaultListableBeanFactory:221 - Creating shared instance of singleton bean 'org.springframework.web.servlet.mvc.support.DefaultHandlerExceptionResolver#0'
2017-04-25 14:56:28 DEBUG DefaultListableBeanFactory:448 - Creating instance of bean 'org.springframework.web.servlet.mvc.support.DefaultHandlerExceptionResolver#0'
2017-04-25 14:56:28 DEBUG DefaultListableBeanFactory:529 - Eagerly caching bean 'org.springframework.web.servlet.mvc.support.DefaultHandlerExceptionResolver#0' to allow for resolving potential circular references
2017-04-25 14:56:28 DEBUG DefaultListableBeanFactory:484 - Finished creating instance of bean 'org.springframework.web.servlet.mvc.support.DefaultHandlerExceptionResolver#0'
2017-04-25 14:56:28 DEBUG DefaultListableBeanFactory:251 - Returning cached instance of singleton bean 'org.springframework.context.annotation.ConfigurationClassPostProcessor.importAwareProcessor'
2017-04-25 14:56:28 DEBUG DefaultListableBeanFactory:251 - Returning cached instance of singleton bean 'org.springframework.context.annotation.ConfigurationClassPostProcessor.enhancedConfigurationProcessor'
2017-04-25 14:56:28 DEBUG DefaultListableBeanFactory:251 - Returning cached instance of singleton bean 'org.springframework.context.event.internalEventListenerFactory'
2017-04-25 14:56:28 DEBUG XmlWebApplicationContext:779 - Unable to locate LifecycleProcessor with name 'lifecycleProcessor': using default [org.springframework.context.support.DefaultLifecycleProcessor@23ee2ccf]
2017-04-25 14:56:28 DEBUG DefaultListableBeanFactory:251 - Returning cached instance of singleton bean 'lifecycleProcessor'
2017-04-25 14:56:28 DEBUG DefaultListableBeanFactory:251 - Returning cached instance of singleton bean 'mvcResourceUrlProvider'
2017-04-25 14:56:28 DEBUG DispatcherServlet:511 - Unable to locate MultipartResolver with name 'multipartResolver': no multipart request handling provided
2017-04-25 14:56:28 DEBUG DefaultListableBeanFactory:448 - Creating instance of bean 'org.springframework.web.servlet.i18n.AcceptHeaderLocaleResolver'
2017-04-25 14:56:28 DEBUG DefaultListableBeanFactory:484 - Finished creating instance of bean 'org.springframework.web.servlet.i18n.AcceptHeaderLocaleResolver'
2017-04-25 14:56:28 DEBUG DispatcherServlet:533 - Unable to locate LocaleResolver with name 'localeResolver': using default [org.springframework.web.servlet.i18n.AcceptHeaderLocaleResolver@2b79c8ff]
2017-04-25 14:56:28 DEBUG DefaultListableBeanFactory:448 - Creating instance of bean 'org.springframework.web.servlet.theme.FixedThemeResolver'
2017-04-25 14:56:28 DEBUG DefaultListableBeanFactory:484 - Finished creating instance of bean 'org.springframework.web.servlet.theme.FixedThemeResolver'
2017-04-25 14:56:28 DEBUG DispatcherServlet:555 - Unable to locate ThemeResolver with name 'themeResolver': using default [org.springframework.web.servlet.theme.FixedThemeResolver@1860a7a1]
2017-04-25 14:56:28 DEBUG DefaultListableBeanFactory:251 - Returning cached instance of singleton bean 'org.springframework.web.servlet.handler.SimpleUrlHandlerMapping#0'
2017-04-25 14:56:28 DEBUG DefaultListableBeanFactory:251 - Returning cached instance of singleton bean 'org.springframework.web.servlet.handler.BeanNameUrlHandlerMapping'
2017-04-25 14:56:28 DEBUG DefaultListableBeanFactory:251 - Returning cached instance of singleton bean 'org.springframework.web.servlet.mvc.method.annotation.RequestMappingHandlerMapping'
2017-04-25 14:56:28 DEBUG DefaultListableBeanFactory:251 - Returning cached instance of singleton bean 'org.springframework.web.servlet.mvc.HttpRequestHandlerAdapter'
2017-04-25 14:56:28 DEBUG DefaultListableBeanFactory:251 - Returning cached instance of singleton bean 'org.springframework.web.servlet.mvc.SimpleControllerHandlerAdapter'
2017-04-25 14:56:28 DEBUG DefaultListableBeanFactory:251 - Returning cached instance of singleton bean 'org.springframework.web.servlet.mvc.method.annotation.RequestMappingHandlerAdapter'
2017-04-25 14:56:28 DEBUG DefaultListableBeanFactory:251 - Returning cached instance of singleton bean 'org.springframework.web.servlet.mvc.method.annotation.ExceptionHandlerExceptionResolver#0'
2017-04-25 14:56:28 DEBUG DefaultListableBeanFactory:251 - Returning cached instance of singleton bean 'org.springframework.web.servlet.mvc.annotation.ResponseStatusExceptionResolver#0'
2017-04-25 14:56:28 DEBUG DefaultListableBeanFactory:251 - Returning cached instance of singleton bean 'org.springframework.web.servlet.mvc.support.DefaultHandlerExceptionResolver#0'
2017-04-25 14:56:28 DEBUG DefaultListableBeanFactory:448 - Creating instance of bean 'org.springframework.web.servlet.view.DefaultRequestToViewNameTranslator'
2017-04-25 14:56:28 DEBUG DefaultListableBeanFactory:484 - Finished creating instance of bean 'org.springframework.web.servlet.view.DefaultRequestToViewNameTranslator'
2017-04-25 14:56:28 DEBUG DispatcherServlet:692 - Unable to locate RequestToViewNameTranslator with name 'viewNameTranslator': using default [org.springframework.web.servlet.view.DefaultRequestToViewNameTranslator@9b3be1c]
2017-04-25 14:56:28 DEBUG DefaultListableBeanFactory:251 - Returning cached instance of singleton bean 'org.springframework.web.servlet.view.InternalResourceViewResolver#0'
2017-04-25 14:56:28 DEBUG DefaultListableBeanFactory:448 - Creating instance of bean 'org.springframework.web.servlet.support.SessionFlashMapManager'
2017-04-25 14:56:28 DEBUG DefaultListableBeanFactory:484 - Finished creating instance of bean 'org.springframework.web.servlet.support.SessionFlashMapManager'
2017-04-25 14:56:28 DEBUG DispatcherServlet:753 - Unable to locate FlashMapManager with name 'flashMapManager': using default [org.springframework.web.servlet.support.SessionFlashMapManager@1537c744]
2017-04-25 14:56:28 DEBUG ResourceUrlProvider:139 - Looking for resource handler mappings
2017-04-25 14:56:28 DEBUG DefaultListableBeanFactory:251 - Returning cached instance of singleton bean 'org.springframework.web.servlet.handler.SimpleUrlHandlerMapping#0'
2017-04-25 14:56:28 DEBUG ResourceUrlProvider:151 - Found resource handler mapping: URL pattern="/resources/**", locations=[ServletContext resource [/resources/]], resolvers=[org.springframework.web.servlet.resource.PathResourceResolver@37314843]
2017-04-25 14:56:28 DEBUG ResourceUrlProvider:139 - Looking for resource handler mappings
2017-04-25 14:56:28 DEBUG DefaultListableBeanFactory:251 - Returning cached instance of singleton bean 'org.springframework.web.servlet.handler.SimpleUrlHandlerMapping#0'
2017-04-25 14:56:28 DEBUG ResourceUrlProvider:151 - Found resource handler mapping: URL pattern="/resources/**", locations=[ServletContext resource [/resources/]], resolvers=[org.springframework.web.servlet.resource.PathResourceResolver@37314843]
2017-04-25 14:56:28 DEBUG PropertySourcesPropertyResolver:81 - Searching for key 'spring.liveBeansView.mbeanDomain' in [servletConfigInitParams]
2017-04-25 14:56:28 DEBUG PropertySourcesPropertyResolver:81 - Searching for key 'spring.liveBeansView.mbeanDomain' in [servletContextInitParams]
2017-04-25 14:56:28 DEBUG PropertySourcesPropertyResolver:81 - Searching for key 'spring.liveBeansView.mbeanDomain' in [jndiProperties]
2017-04-25 14:56:28 DEBUG JndiTemplate:150 - Looking up JNDI object with name [java:comp/env/spring.liveBeansView.mbeanDomain]
2017-04-25 14:56:28 DEBUG JndiLocatorDelegate:101 - Converted JNDI name [java:comp/env/spring.liveBeansView.mbeanDomain] not found - trying original name [spring.liveBeansView.mbeanDomain]. javax.naming.NameNotFoundException; remaining name 'spring.liveBeansView.mbeanDomain'
2017-04-25 14:56:28 DEBUG JndiTemplate:150 - Looking up JNDI object with name [spring.liveBeansView.mbeanDomain]
2017-04-25 14:56:28 DEBUG JndiPropertySource:90 - JNDI lookup for name [spring.liveBeansView.mbeanDomain] threw NamingException with message: null. Returning null.
2017-04-25 14:56:28 DEBUG PropertySourcesPropertyResolver:81 - Searching for key 'spring.liveBeansView.mbeanDomain' in [systemProperties]
2017-04-25 14:56:28 DEBUG PropertySourcesPropertyResolver:81 - Searching for key 'spring.liveBeansView.mbeanDomain' in [systemEnvironment]
2017-04-25 14:56:28 DEBUG PropertySourcesPropertyResolver:103 - Could not find key 'spring.liveBeansView.mbeanDomain' in any property source. Returning [null]
2017-04-25 14:56:28 DEBUG DispatcherServlet:568 - Published WebApplicationContext of servlet 'spring-web' as ServletContext attribute with name [org.springframework.web.servlet.FrameworkServlet.CONTEXT.spring-web]
2017-04-25 14:56:28 INFO  DispatcherServlet:508 - FrameworkServlet 'spring-web': initialization completed in 2048 ms
2017-04-25 14:56:28 DEBUG DispatcherServlet:139 - Servlet 'spring-web' configured successfully
2017-04-25 14:56:56 DEBUG DispatcherServlet:865 - DispatcherServlet with name 'spring-web' processing GET request for [/loggen/]
2017-04-25 14:56:56 DEBUG RequestMappingHandlerMapping:304 - Looking up handler method for path /
2017-04-25 14:56:56 DEBUG RequestMappingHandlerMapping:311 - Returning handler method [public java.lang.String com.impe.test.log_gen.web.controller.WebController.printWelcome(org.springframework.ui.ModelMap)]
2017-04-25 14:56:56 DEBUG DefaultListableBeanFactory:251 - Returning cached instance of singleton bean 'webController'
2017-04-25 14:56:56 DEBUG DispatcherServlet:951 - Last-Modified value for [/loggen/] is: -1
2017-04-25 14:56:56 DEBUG DefaultListableBeanFactory:1620 - Invoking afterPropertiesSet() on bean with name 'index'
2017-04-25 14:56:56 DEBUG DispatcherServlet:1251 - Rendering view [org.springframework.web.servlet.view.JstlView: name 'index'; URL [/WEB-INF/views/jsp/index.jsp]] in DispatcherServlet with name 'spring-web'
2017-04-25 14:56:56 DEBUG JstlView:432 - Added model object 'message' of type [java.lang.String] to request in view with name 'index'
2017-04-25 14:56:56 DEBUG JstlView:166 - Forwarding to resource [/WEB-INF/views/jsp/index.jsp] in InternalResourceView 'index'
2017-04-25 14:56:57 DEBUG DispatcherServlet:1000 - Successfully completed request
2017-04-25 14:56:57 DEBUG DispatcherServlet:865 - DispatcherServlet with name 'spring-web' processing GET request for [/loggen/resources/css/style.css;jsessionid=1o9mzb1qj6cifi26it7uhrld6]
2017-04-25 14:56:57 DEBUG RequestMappingHandlerMapping:304 - Looking up handler method for path /resources/css/style.css
2017-04-25 14:56:57 DEBUG RequestMappingHandlerMapping:314 - Did not find handler method for [/resources/css/style.css]
2017-04-25 14:56:57 DEBUG SimpleUrlHandlerMapping:191 - Matching patterns for request [/resources/css/style.css] are [/resources/**]
2017-04-25 14:56:57 DEBUG SimpleUrlHandlerMapping:220 - URI Template variables for request [/resources/css/style.css] are {}
2017-04-25 14:56:57 DEBUG SimpleUrlHandlerMapping:141 - Mapping [/resources/css/style.css] to HandlerExecutionChain with handler [ResourceHttpRequestHandler [locations=[ServletContext resource [/resources/]], resolvers=[org.springframework.web.servlet.resource.PathResourceResolver@37314843]]] and 1 interceptor
2017-04-25 14:56:57 DEBUG DispatcherServlet:951 - Last-Modified value for [/loggen/resources/css/style.css;jsessionid=1o9mzb1qj6cifi26it7uhrld6] is: -1
2017-04-25 14:56:57 DEBUG DispatcherServlet:1044 - Null ModelAndView returned to DispatcherServlet with name 'spring-web': assuming HandlerAdapter completed request handling
2017-04-25 14:56:57 DEBUG DispatcherServlet:1000 - Successfully completed request
